<?xml version="1.0" encoding="UTF-8"?>
<!-- Generated by org.testng.reporters.JUnitReportReporter -->
<testsuite hostname="vemulapallypc" failures="0" tests="1" name="task.FlipcartTask" time="62.439" errors="0" timestamp="2022-09-20T10:57:38 IST" skipped="0">
  <testcase classname="task.FlipcartTask" name="task" time="62.439"/>
  <system-out/>
</testsuite> <!-- task.FlipcartTask -->
