<?xml version="1.0" encoding="UTF-8"?>
<!-- Generated by org.testng.reporters.JUnitReportReporter -->
<testsuite hostname="vemulapallypc" failures="0" tests="1" name="task.SecondFilpcartTest" time="14.769" errors="0" timestamp="2022-09-20T11:28:12 IST" skipped="0">
  <testcase classname="task.SecondFilpcartTest" name="flipcart" time="14.769"/>
  <system-out/>
</testsuite> <!-- task.SecondFilpcartTest -->
